<?xml version="1.0" encoding="UTF-8"?>
<testng-results ignored="0" total="1" passed="1" failed="0" skipped="0">
  <reporter-output>
  </reporter-output>
  <suite started-at="2026-09-02T18:38:14 IST" name="Default suite" finished-at="2026-09-02T18:38:16 IST" duration-ms="2657">
    <groups>
    </groups>
    <test started-at="2026-09-02T18:38:14 IST" name="Default test" finished-at="2026-09-02T18:38:16 IST" duration-ms="2657">
      <class name="projectSoap.TC04_SubtractSoapAPI">
        <test-method signature="subtractSoapAPI()[pri:0, instance:projectSoap.TC04_SubtractSoapAPI@77c2494c]" started-at="2026-09-02T18:38:14 IST" name="subtractSoapAPI" finished-at="2026-09-02T18:38:16 IST" duration-ms="2615" status="PASS">
          <reporter-output>
          </reporter-output>
        </test-method> <!-- subtractSoapAPI -->
      </class> <!-- projectSoap.TC04_SubtractSoapAPI -->
    </test> <!-- Default test -->
  </suite> <!-- Default suite -->
</testng-results>
