<?xml version="1.0" encoding="UTF-8"?>
<!-- Generated by org.testng.reporters.JUnitReportReporter -->
<testsuite hostname="DESKTOP-FH1DFKL" failures="0" tests="1" name="projectPojoClass.TC01_PostDeseralisation" time="8.332" errors="1" timestamp="2026-09-03T01:41:36 IST" skipped="0">
  <testcase classname="projectPojoClass.TC01_PostDeseralisation" name="postAPI" time="8.332">
    <error type="java.lang.StackOverflowError">
      <![CDATA[java.lang.StackOverflowError
at org.json.JSONObject.getAnnotationDepth(JSONObject.java:1933)
at org.json.JSONObject.getKeyNameFromMethod(JSONObject.java:1791)
at org.json.JSONObject.populateMap(JSONObject.java:1748)
at org.json.JSONObject.populateMap(JSONObject.java:1729)
at org.json.JSONObject.<init>(JSONObject.java:383)
at org.json.JSONObject.wrap(JSONObject.java:2740)
at org.json.JSONObject.wrap(JSONObject.java:2695)
at org.json.JSONArray.addAll(JSONArray.java:1927)
at org.json.JSONArray.addAll(JSONArray.java:1900)
at org.json.JSONArray.<init>(JSONArray.java:237)
at org.json.JSONObject.wrap(JSONObject.java:2723)
at org.json.JSONObject.wrap(JSONObject.java:2699)
at org.json.JSONObject.populateMap(JSONObject.java:1763)
at org.json.JSONObject.populateMap(JSONObject.java:1729)
at org.json.JSONObject.<init>(JSONObject.java:383)
at org.json.JSONObject.wrap(JSONObject.java:2740)
at org.json.JSONObject.wrap(JSONObject.java:2695)
at org.json.JSONArray.addAll(JSONArray.java:1927)
at org.json.JSONArray.addAll(JSONArray.java:1900)
at org.json.JSONArray.<init>(JSONArray.java:237)
at org.json.JSONObject.wrap(JSONObject.java:2723)
at org.json.JSONObject.wrap(JSONObject.java:2699)
at org.json.JSONObject.populateMap(JSONObject.java:1763)
at org.json.JSONObject.populateMap(JSONObject.java:1729)
at org.json.JSONObject.<init>(JSONObject.java:383)
at org.json.JSONObject.wrap(JSONObject.java:2740)
at org.json.JSONObject.wrap(JSONObject.java:2695)
at org.json.JSONArray.addAll(JSONArray.java:1927)
at org.json.JSONArray.addAll(JSONArray.java:1900)
at org.json.JSONArray.<init>(JSONArray.java:237)
at org.json.JSONObject.wrap(JSONObject.java:2723)
at org.json.JSONObject.wrap(JSONObject.java:2699)
at org.json.JSONObject.populateMap(JSONObject.java:1763)
at org.json.JSONObject.populateMap(JSONObject.java:1729)
at org.json.JSONObject.<init>(JSONObject.java:383)
at org.json.JSONObject.wrap(JSONObject.java:2740)
at org.json.JSONObject.wrap(JSONObject.java:2695)
at org.json.JSONArray.addAll(JSONArray.java:1927)
at org.json.JSONArray.addAll(JSONArray.java:1900)
at org.json.JSONArray.<init>(JSONArray.java:237)
at org.json.JSONObject.wrap(JSONObject.java:2723)
at org.json.JSONObject.wrap(JSONObject.java:2699)
at org.json.JSONObject.populateMap(JSONObject.java:1763)
at org.json.JSONObject.populateMap(JSONObject.java:1729)
at org.json.JSONObject.<init>(JSONObject.java:383)
at org.json.JSONObject.wrap(JSONObject.java:2740)
at org.json.JSONObject.wrap(JSONObject.java:2695)
at org.json.JSONArray.addAll(JSONArray.java:1927)
at org.json.JSONArray.addAll(JSONArray.java:1900)
at org.json.JSONArray.<init>(JSONArray.java:237)
at org.json.JSONObject.wrap(JSONObject.java:2723)
at org.json.JSONObject.wrap(JSONObject.java:2699)
at org.json.JSONObject.populateMap(JSONObject.java:1763)
at org.json.JSONObject.populateMap(JSONObject.java:1729)
at org.json.JSONObject.<init>(JSONObject.java:383)
at org.json.JSONObject.wrap(JSONObject.java:2740)
at org.json.JSONObject.wrap(JSONObject.java:2695)
at org.json.JSONArray.addAll(JSONArray.java:1927)
at org.json.JSONArray.addAll(JSONArray.java:1900)
at org.json.JSONArray.<init>(JSONArray.java:237)
at org.json.JSONObject.wrap(JSONObject.java:2723)
at org.json.JSONObject.wrap(JSONObject.java:2699)
at org.json.JSONObject.populateMap(JSONObject.java:1763)
at org.json.JSONObject.populateMap(JSONObject.java:1729)
at org.json.JSONObject.<init>(JSONObject.java:383)
at org.json.JSONObject.wrap(JSONObject.java:2740)
at org.json.JSONObject.wrap(JSONObject.java:2695)
at org.json.JSONArray.addAll(JSONArray.java:1927)
at org.json.JSONArray.addAll(JSONArray.java:1900)
at org.json.JSONArray.<init>(JSONArray.java:237)
at org.json.JSONObject.wrap(JSONObject.java:2723)
at org.json.JSONObject.wrap(JSONObject.java:2699)
at org.json.JSONObject.populateMap(JSONObject.java:1763)
at org.json.JSONObject.populateMap(JSONObject.java:1729)
at org.json.JSONObject.<init>(JSONObject.java:383)
at org.json.JSONObject.wrap(JSONObject.java:2740)
at org.json.JSONObject.wrap(JSONObject.java:2695)
at org.json.JSONArray.addAll(JSONArray.java:1927)
at org.json.JSONArray.addAll(JSONArray.java:1900)
at org.json.JSONArray.<init>(JSONArray.java:237)
at org.json.JSONObject.wrap(JSONObject.java:2723)
at org.json.JSONObject.wrap(JSONObject.java:2699)
at org.json.JSONObject.populateMap(JSONObject.java:1763)
at org.json.JSONObject.populateMap(JSONObject.java:1729)
at org.json.JSONObject.<init>(JSONObject.java:383)
at org.json.JSONObject.wrap(JSONObject.java:2740)
at org.json.JSONObject.wrap(JSONObject.java:2695)
at org.json.JSONArray.addAll(JSONArray.java:1927)
at org.json.JSONArray.addAll(JSONArray.java:1900)
at org.json.JSONArray.<init>(JSONArray.java:237)
at org.json.JSONObject.wrap(JSONObject.java:2723)
at org.json.JSONObject.wrap(JSONObject.java:2699)
at org.json.JSONObject.populateMap(JSONObject.java:1763)
at org.json.JSONObject.populateMap(JSONObject.java:1729)
at org.json.JSONObject.<init>(JSONObject.java:383)
at org.json.JSONObject.wrap(JSONObject.java:2740)
at org.json.JSONObject.wrap(JSONObject.java:2695)
at org.json.JSONArray.addAll(JSONArray.java:1927)
at org.json.JSONArray.addAll(JSONArray.java:1900)
at org.json.JSONArray.<init>(JSONArray.java:237)
at org.json.JSONObject.wrap(JSONObject.java:2723)
at org.json.JSONObject.wrap(JSONObject.java:2699)
at org.json.JSONObject.populateMap(JSONObject.java:1763)
at org.json.JSONObject.populateMap(JSONObject.java:1729)
at org.json.JSONObject.<init>(JSONObject.java:383)
at org.json.JSONObject.wrap(JSONObject.java:2740)
at org.json.JSONObject.wrap(JSONObject.java:2695)
at org.json.JSONArray.addAll(JSONArray.java:1927)
at org.json.JSONArray.addAll(JSONArray.java:1900)
at org.json.JSONArray.<init>(JSONArray.java:237)
at org.json.JSONObject.wrap(JSONObject.java:2723)
at org.json.JSONObject.wrap(JSONObject.java:2699)
at org.json.JSONObject.populateMap(JSONObject.java:1763)
at org.json.JSONObject.populateMap(JSONObject.java:1729)
at org.json.JSONObject.<init>(JSONObject.java:383)
at org.json.JSONObject.wrap(JSONObject.java:2740)
at org.json.JSONObject.wrap(JSONObject.java:2695)
at org.json.JSONArray.addAll(JSONArray.java:1927)
at org.json.JSONArray.addAll(JSONArray.java:1900)
at org.json.JSONArray.<init>(JSONArray.java:237)
at org.json.JSONObject.wrap(JSONObject.java:2723)
at org.json.JSONObject.wrap(JSONObject.java:2699)
at org.json.JSONObject.populateMap(JSONObject.java:1763)
at org.json.JSONObject.populateMap(JSONObject.java:1729)
at org.json.JSONObject.<init>(JSONObject.java:383)
at org.json.JSONObject.wrap(JSONObject.java:2740)
at org.json.JSONObject.wrap(JSONObject.java:2695)
at org.json.JSONArray.addAll(JSONArray.java:1927)
at org.json.JSONArray.addAll(JSONArray.java:1900)
at org.json.JSONArray.<init>(JSONArray.java:237)
at org.json.JSONObject.wrap(JSONObject.java:2723)
at org.json.JSONObject.wrap(JSONObject.java:2699)
at org.json.JSONObject.populateMap(JSONObject.java:1763)
at org.json.JSONObject.populateMap(JSONObject.java:1729)
at org.json.JSONObject.<init>(JSONObject.java:383)
at org.json.JSONObject.wrap(JSONObject.java:2740)
at org.json.JSONObject.wrap(JSONObject.java:2695)
at org.json.JSONArray.addAll(JSONArray.java:1927)
at org.json.JSONArray.addAll(JSONArray.java:1900)
at org.json.JSONArray.<init>(JSONArray.java:237)
at org.json.JSONObject.wrap(JSONObject.java:2723)
at org.json.JSONObject.wrap(JSONObject.java:2699)
at org.json.JSONObject.populateMap(JSONObject.java:1763)
at org.json.JSONObject.populateMap(JSONObject.java:1729)
at org.json.JSONObject.<init>(JSONObject.java:383)
at org.json.JSONObject.wrap(JSONObject.java:2740)
at org.json.JSONObject.wrap(JSONObject.java:2695)
at org.json.JSONArray.addAll(JSONArray.java:1927)
at org.json.JSONArray.addAll(JSONArray.java:1900)
at org.json.JSONArray.<init>(JSONArray.java:237)
at org.json.JSONObject.wrap(JSONObject.java:2723)
at org.json.JSONObject.wrap(JSONObject.java:2699)
at org.json.JSONObject.populateMap(JSONObject.java:1763)
at org.json.JSONObject.populateMap(JSONObject.java:1729)
at org.json.JSONObject.<init>(JSONObject.java:383)
at org.json.JSONObject.wrap(JSONObject.java:2740)
at org.json.JSONObject.wrap(JSONObject.java:2695)
at org.json.JSONArray.addAll(JSONArray.java:1927)
at org.json.JSONArray.addAll(JSONArray.java:1900)
at org.json.JSONArray.<init>(JSONArray.java:237)
at org.json.JSONObject.wrap(JSONObject.java:2723)
at org.json.JSONObject.wrap(JSONObject.java:2699)
at org.json.JSONObject.populateMap(JSONObject.java:1763)
at org.json.JSONObject.populateMap(JSONObject.java:1729)
at org.json.JSONObject.<init>(JSONObject.java:383)
at org.json.JSONObject.wrap(JSONObject.java:2740)
at org.json.JSONObject.wrap(JSONObject.java:2695)
at org.json.JSONArray.addAll(JSONArray.java:1927)
at org.json.JSONArray.addAll(JSONArray.java:1900)
at org.json.JSONArray.<init>(JSONArray.java:237)
at org.json.JSONObject.wrap(JSONObject.java:2723)
at org.json.JSONObject.wrap(JSONObject.java:2699)
at org.json.JSONObject.populateMap(JSONObject.java:1763)
at org.json.JSONObject.populateMap(JSONObject.java:1729)
at org.json.JSONObject.<init>(JSONObject.java:383)
at org.json.JSONObject.wrap(JSONObject.java:2740)
at org.json.JSONObject.wrap(JSONObject.java:2695)
at org.json.JSONArray.addAll(JSONArray.java:1927)
at org.json.JSONArray.addAll(JSONArray.java:1900)
at org.json.JSONArray.<init>(JSONArray.java:237)
at org.json.JSONObject.wrap(JSONObject.java:2723)
at org.json.JSONObject.wrap(JSONObject.java:2699)
at org.json.JSONObject.populateMap(JSONObject.java:1763)
at org.json.JSONObject.populateMap(JSONObject.java:1729)
at org.json.JSONObject.<init>(JSONObject.java:383)
at org.json.JSONObject.wrap(JSONObject.java:2740)
at org.json.JSONObject.wrap(JSONObject.java:2695)
at org.json.JSONArray.addAll(JSONArray.java:1927)
at org.json.JSONArray.addAll(JSONArray.java:1900)
at org.json.JSONArray.<init>(JSONArray.java:237)
at org.json.JSONObject.wrap(JSONObject.java:2723)
at org.json.JSONObject.wrap(JSONObject.java:2699)
at org.json.JSONObject.populateMap(JSONObject.java:1763)
at org.json.JSONObject.populateMap(JSONObject.java:1729)
at org.json.JSONObject.<init>(JSONObject.java:383)
at org.json.JSONObject.wrap(JSONObject.java:2740)
at org.json.JSONObject.wrap(JSONObject.java:2695)
at org.json.JSONArray.addAll(JSONArray.java:1927)
at org.json.JSONArray.addAll(JSONArray.java:1900)
at org.json.JSONArray.<init>(JSONArray.java:237)
at org.json.JSONObject.wrap(JSONObject.java:2723)
at org.json.JSONObject.wrap(JSONObject.java:2699)
at org.json.JSONObject.populateMap(JSONObject.java:1763)
at org.json.JSONObject.populateMap(JSONObject.java:1729)
at org.json.JSONObject.<init>(JSONObject.java:383)
at org.json.JSONObject.wrap(JSONObject.java:2740)
at org.json.JSONObject.wrap(JSONObject.java:2695)
at org.json.JSONArray.addAll(JSONArray.java:1927)
at org.json.JSONArray.addAll(JSONArray.java:1900)
at org.json.JSONArray.<init>(JSONArray.java:237)
at org.json.JSONObject.wrap(JSONObject.java:2723)
at org.json.JSONObject.wrap(JSONObject.java:2699)
at org.json.JSONObject.populateMap(JSONObject.java:1763)
at org.json.JSONObject.populateMap(JSONObject.java:1729)
at org.json.JSONObject.<init>(JSONObject.java:383)
at org.json.JSONObject.wrap(JSONObject.java:2740)
at org.json.JSONObject.wrap(JSONObject.java:2695)
at org.json.JSONArray.addAll(JSONArray.java:1927)
at org.json.JSONArray.addAll(JSONArray.java:1900)
at org.json.JSONArray.<init>(JSONArray.java:237)
at org.json.JSONObject.wrap(JSONObject.java:2723)
at org.json.JSONObject.wrap(JSONObject.java:2699)
at org.json.JSONObject.populateMap(JSONObject.java:1763)
at org.json.JSONObject.populateMap(JSONObject.java:1729)
at org.json.JSONObject.<init>(JSONObject.java:383)
at org.json.JSONObject.wrap(JSONObject.java:2740)
at org.json.JSONObject.wrap(JSONObject.java:2695)
at org.json.JSONArray.addAll(JSONArray.java:1927)
at org.json.JSONArray.addAll(JSONArray.java:1900)
at org.json.JSONArray.<init>(JSONArray.java:237)
at org.json.JSONObject.wrap(JSONObject.java:2723)
at org.json.JSONObject.wrap(JSONObject.java:2699)
at org.json.JSONObject.populateMap(JSONObject.java:1763)
at org.json.JSONObject.populateMap(JSONObject.java:1729)
at org.json.JSONObject.<init>(JSONObject.java:383)
at org.json.JSONObject.wrap(JSONObject.java:2740)
at org.json.JSONObject.wrap(JSONObject.java:2695)
at org.json.JSONArray.addAll(JSONArray.java:1927)
at org.json.JSONArray.addAll(JSONArray.java:1900)
at org.json.JSONArray.<init>(JSONArray.java:237)
at org.json.JSONObject.wrap(JSONObject.java:2723)
at org.json.JSONObject.wrap(JSONObject.java:2699)
at org.json.JSONObject.populateMap(JSONObject.java:1763)
at org.json.JSONObject.populateMap(JSONObject.java:1729)
at org.json.JSONObject.<init>(JSONObject.java:383)
at org.json.JSONObject.wrap(JSONObject.java:2740)
at org.json.JSONObject.wrap(JSONObject.java:2695)
at org.json.JSONArray.addAll(JSONArray.java:1927)
at org.json.JSONArray.addAll(JSONArray.java:1900)
at org.json.JSONArray.<init>(JSONArray.java:237)
at org.json.JSONObject.wrap(JSONObject.java:2723)
at org.json.JSONObject.wrap(JSONObject.java:2699)
at org.json.JSONObject.populateMap(JSONObject.java:1763)
at org.json.JSONObject.populateMap(JSONObject.java:1729)
at org.json.JSONObject.<init>(JSONObject.java:383)
at org.json.JSONObject.wrap(JSONObject.java:2740)
at org.json.JSONObject.wrap(JSONObject.java:2695)
at org.json.JSONArray.addAll(JSONArray.java:1927)
at org.json.JSONArray.addAll(JSONArray.java:1900)
at org.json.JSONArray.<init>(JSONArray.java:237)
at org.json.JSONObject.wrap(JSONObject.java:2723)
at org.json.JSONObject.wrap(JSONObject.java:2699)
at org.json.JSONObject.populateMap(JSONObject.java:1763)
at org.json.JSONObject.populateMap(JSONObject.java:1729)
at org.json.JSONObject.<init>(JSONObject.java:383)
at org.json.JSONObject.wrap(JSONObject.java:2740)
at org.json.JSONObject.wrap(JSONObject.java:2695)
at org.json.JSONArray.addAll(JSONArray.java:1927)
at org.json.JSONArray.addAll(JSONArray.java:1900)
at org.json.JSONArray.<init>(JSONArray.java:237)
at org.json.JSONObject.wrap(JSONObject.java:2723)
at org.json.JSONObject.wrap(JSONObject.java:2699)
at org.json.JSONObject.populateMap(JSONObject.java:1763)
at org.json.JSONObject.populateMap(JSONObject.java:1729)
at org.json.JSONObject.<init>(JSONObject.java:383)
at org.json.JSONObject.wrap(JSONObject.java:2740)
at org.json.JSONObject.wrap(JSONObject.java:2695)
at org.json.JSONArray.addAll(JSONArray.java:1927)
at org.json.JSONArray.addAll(JSONArray.java:1900)
at org.json.JSONArray.<init>(JSONArray.java:237)
at org.json.JSONObject.wrap(JSONObject.java:2723)
at org.json.JSONObject.wrap(JSONObject.java:2699)
at org.json.JSONObject.populateMap(JSONObject.java:1763)
at org.json.JSONObject.populateMap(JSONObject.java:1729)
at org.json.JSONObject.<init>(JSONObject.java:383)
at org.json.JSONObject.wrap(JSONObject.java:2740)
at org.json.JSONObject.wrap(JSONObject.java:2695)
at org.json.JSONArray.addAll(JSONArray.java:1927)
at org.json.JSONArray.addAll(JSONArray.java:1900)
at org.json.JSONArray.<init>(JSONArray.java:237)
at org.json.JSONObject.wrap(JSONObject.java:2723)
at org.json.JSONObject.wrap(JSONObject.java:2699)
at org.json.JSONObject.populateMap(JSONObject.java:1763)
at org.json.JSONObject.populateMap(JSONObject.java:1729)
at org.json.JSONObject.<init>(JSONObject.java:383)
at org.json.JSONObject.wrap(JSONObject.java:2740)
at org.json.JSONObject.wrap(JSONObject.java:2695)
at org.json.JSONArray.addAll(JSONArray.java:1927)
at org.json.JSONArray.addAll(JSONArray.java:1900)
at org.json.JSONArray.<init>(JSONArray.java:237)
at org.json.JSONObject.wrap(JSONObject.java:2723)
at org.json.JSONObject.wrap(JSONObject.java:2699)
at org.json.JSONObject.populateMap(JSONObject.java:1763)
at org.json.JSONObject.populateMap(JSONObject.java:1729)
at org.json.JSONObject.<init>(JSONObject.java:383)
at org.json.JSONObject.wrap(JSONObject.java:2740)
at org.json.JSONObject.wrap(JSONObject.java:2695)
at org.json.JSONArray.addAll(JSONArray.java:1927)
at org.json.JSONArray.addAll(JSONArray.java:1900)
at org.json.JSONArray.<init>(JSONArray.java:237)
at org.json.JSONObject.wrap(JSONObject.java:2723)
at org.json.JSONObject.wrap(JSONObject.java:2699)
at org.json.JSONObject.populateMap(JSONObject.java:1763)
at org.json.JSONObject.populateMap(JSONObject.java:1729)
at org.json.JSONObject.<init>(JSONObject.java:383)
at org.json.JSONObject.wrap(JSONObject.java:2740)
at org.json.JSONObject.wrap(JSONObject.java:2695)
at org.json.JSONArray.addAll(JSONArray.java:1927)
at org.json.JSONArray.addAll(JSONArray.java:1900)
at org.json.JSONArray.<init>(JSONArray.java:237)
at org.json.JSONObject.wrap(JSONObject.java:2723)
at org.json.JSONObject.wrap(JSONObject.java:2699)
at org.json.JSONObject.populateMap(JSONObject.java:1763)
at org.json.JSONObject.populateMap(JSONObject.java:1729)
at org.json.JSONObject.<init>(JSONObject.java:383)
at org.json.JSONObject.wrap(JSONObject.java:2740)
at org.json.JSONObject.wrap(JSONObject.java:2695)
at org.json.JSONArray.addAll(JSONArray.java:1927)
at org.json.JSONArray.addAll(JSONArray.java:1900)
at org.json.JSONArray.<init>(JSONArray.java:237)
at org.json.JSONObject.wrap(JSONObject.java:2723)
at org.json.JSONObject.wrap(JSONObject.java:2699)
at org.json.JSONObject.populateMap(JSONObject.java:1763)
at org.json.JSONObject.populateMap(JSONObject.java:1729)
at org.json.JSONObject.<init>(JSONObject.java:383)
at org.json.JSONObject.wrap(JSONObject.java:2740)
at org.json.JSONObject.wrap(JSONObject.java:2695)
at org.json.JSONArray.addAll(JSONArray.java:1927)
at org.json.JSONArray.addAll(JSONArray.java:1900)
at org.json.JSONArray.<init>(JSONArray.java:237)
at org.json.JSONObject.wrap(JSONObject.java:2723)
at org.json.JSONObject.wrap(JSONObject.java:2699)
at org.json.JSONObject.populateMap(JSONObject.java:1763)
at org.json.JSONObject.populateMap(JSONObject.java:1729)
at org.json.JSONObject.<init>(JSONObject.java:383)
at org.json.JSONObject.wrap(JSONObject.java:2740)
at org.json.JSONObject.wrap(JSONObject.java:2695)
at org.json.JSONArray.addAll(JSONArray.java:1927)
at org.json.JSONArray.addAll(JSONArray.java:1900)
at org.json.JSONArray.<init>(JSONArray.java:237)
at org.json.JSONObject.wrap(JSONObject.java:2723)
at org.json.JSONObject.wrap(JSONObject.java:2699)
at org.json.JSONObject.populateMap(JSONObject.java:1763)
at org.json.JSONObject.populateMap(JSONObject.java:1729)
at org.json.JSONObject.<init>(JSONObject.java:383)
at org.json.JSONObject.wrap(JSONObject.java:2740)
at org.json.JSONObject.wrap(JSONObject.java:2695)
at org.json.JSONArray.addAll(JSONArray.java:1927)
at org.json.JSONArray.addAll(JSONArray.java:1900)
at org.json.JSONArray.<init>(JSONArray.java:237)
at org.json.JSONObject.wrap(JSONObject.java:2723)
at org.json.JSONObject.wrap(JSONObject.java:2699)
at org.json.JSONObject.populateMap(JSONObject.java:1763)
at org.json.JSONObject.populateMap(JSONObject.java:1729)
at org.json.JSONObject.<init>(JSONObject.java:383)
at org.json.JSONObject.wrap(JSONObject.java:2740)
at org.json.JSONObject.wrap(JSONObject.java:2695)
at org.json.JSONArray.addAll(JSONArray.java:1927)
at org.json.JSONArray.addAll(JSONArray.java:1900)
at org.json.JSONArray.<init>(JSONArray.java:237)
at org.json.JSONObject.wrap(JSONObject.java:2723)
at org.json.JSONObject.wrap(JSONObject.java:2699)
at org.json.JSONObject.populateMap(JSONObject.java:1763)
at org.json.JSONObject.populateMap(JSONObject.java:1729)
at org.json.JSONObject.<init>(JSONObject.java:383)
at org.json.JSONObject.wrap(JSONObject.java:2740)
at org.json.JSONObject.wrap(JSONObject.java:2695)
at org.json.JSONArray.addAll(JSONArray.java:1927)
at org.json.JSONArray.addAll(JSONArray.java:1900)
at org.json.JSONArray.<init>(JSONArray.java:237)
at org.json.JSONObject.wrap(JSONObject.java:2723)
at org.json.JSONObject.wrap(JSONObject.java:2699)
at org.json.JSONObject.populateMap(JSONObject.java:1763)
at org.json.JSONObject.populateMap(JSONObject.java:1729)
at org.json.JSONObject.<init>(JSONObject.java:383)
at org.json.JSONObject.wrap(JSONObject.java:2740)
at org.json.JSONObject.wrap(JSONObject.java:2695)
at org.json.JSONArray.addAll(JSONArray.java:1927)
at org.json.JSONArray.addAll(JSONArray.java:1900)
at org.json.JSONArray.<init>(JSONArray.java:237)
at org.json.JSONObject.wrap(JSONObject.java:2723)
at org.json.JSONObject.wrap(JSONObject.java:2699)
at org.json.JSONObject.populateMap(JSONObject.java:1763)
at org.json.JSONObject.populateMap(JSONObject.java:1729)
at org.json.JSONObject.<init>(JSONObject.java:383)
at org.json.JSONObject.wrap(JSONObject.java:2740)
at org.json.JSONObject.wrap(JSONObject.java:2695)
at org.json.JSONArray.addAll(JSONArray.java:1927)
at org.json.JSONArray.addAll(JSONArray.java:1900)
at org.json.JSONArray.<init>(JSONArray.java:237)
at org.json.JSONObject.wrap(JSONObject.java:2723)
at org.json.JSONObject.wrap(JSONObject.java:2699)
at org.json.JSONObject.populateMap(JSONObject.java:1763)
at org.json.JSONObject.populateMap(JSONObject.java:1729)
at org.json.JSONObject.<init>(JSONObject.java:383)
at org.json.JSONObject.wrap(JSONObject.java:2740)
at org.json.JSONObject.wrap(JSONObject.java:2695)
at org.json.JSONArray.addAll(JSONArray.java:1927)
at org.json.JSONArray.addAll(JSONArray.java:1900)
at org.json.JSONArray.<init>(JSONArray.java:237)
at org.json.JSONObject.wrap(JSONObject.java:2723)
at org.json.JSONObject.wrap(JSONObject.java:2699)
at org.json.JSONObject.populateMap(JSONObject.java:1763)
at org.json.JSONObject.populateMap(JSONObject.java:1729)
at org.json.JSONObject.<init>(JSONObject.java:383)
at org.json.JSONObject.wrap(JSONObject.java:2740)
at org.json.JSONObject.wrap(JSONObject.java:2695)
at org.json.JSONArray.addAll(JSONArray.java:1927)
at org.json.JSONArray.addAll(JSONArray.java:1900)
at org.json.JSONArray.<init>(JSONArray.java:237)
at org.json.JSONObject.wrap(JSONObject.java:2723)
at org.json.JSONObject.wrap(JSONObject.java:2699)
at org.json.JSONObject.populateMap(JSONObject.java:1763)
at org.json.JSONObject.populateMap(JSONObject.java:1729)
at org.json.JSONObject.<init>(JSONObject.java:383)
at org.json.JSONObject.wrap(JSONObject.java:2740)
at org.json.JSONObject.wrap(JSONObject.java:2695)
at org.json.JSONArray.addAll(JSONArray.java:1927)
at org.json.JSONArray.addAll(JSONArray.java:1900)
at org.json.JSONArray.<init>(JSONArray.java:237)
at org.json.JSONObject.wrap(JSONObject.java:2723)
at org.json.JSONObject.wrap(JSONObject.java:2699)
at org.json.JSONObject.populateMap(JSONObject.java:1763)
at org.json.JSONObject.populateMap(JSONObject.java:1729)
at org.json.JSONObject.<init>(JSONObject.java:383)
at org.json.JSONObject.wrap(JSONObject.java:2740)
at org.json.JSONObject.wrap(JSONObject.java:2695)
at org.json.JSONArray.addAll(JSONArray.java:1927)
at org.json.JSONArray.addAll(JSONArray.java:1900)
at org.json.JSONArray.<init>(JSONArray.java:237)
at org.json.JSONObject.wrap(JSONObject.java:2723)
at org.json.JSONObject.wrap(JSONObject.java:2699)
at org.json.JSONObject.populateMap(JSONObject.java:1763)
at org.json.JSONObject.populateMap(JSONObject.java:1729)
at org.json.JSONObject.<init>(JSONObject.java:383)
at org.json.JSONObject.wrap(JSONObject.java:2740)
at org.json.JSONObject.wrap(JSONObject.java:2695)
at org.json.JSONArray.addAll(JSONArray.java:1927)
at org.json.JSONArray.addAll(JSONArray.java:1900)
at org.json.JSONArray.<init>(JSONArray.java:237)
at org.json.JSONObject.wrap(JSONObject.java:2723)
at org.json.JSONObject.wrap(JSONObject.java:2699)
at org.json.JSONObject.populateMap(JSONObject.java:1763)
at org.json.JSONObject.populateMap(JSONObject.java:1729)
at org.json.JSONObject.<init>(JSONObject.java:383)
at org.json.JSONObject.wrap(JSONObject.java:2740)
at org.json.JSONObject.wrap(JSONObject.java:2695)
at org.json.JSONArray.addAll(JSONArray.java:1927)
at org.json.JSONArray.addAll(JSONArray.java:1900)
at org.json.JSONArray.<init>(JSONArray.java:237)
at org.json.JSONObject.wrap(JSONObject.java:2723)
at org.json.JSONObject.wrap(JSONObject.java:2699)
at org.json.JSONObject.populateMap(JSONObject.java:1763)
at org.json.JSONObject.populateMap(JSONObject.java:1729)
at org.json.JSONObject.<init>(JSONObject.java:383)
at org.json.JSONObject.wrap(JSONObject.java:2740)
at org.json.JSONObject.wrap(JSONObject.java:2695)
at org.json.JSONArray.addAll(JSONArray.java:1927)
at org.json.JSONArray.addAll(JSONArray.java:1900)
at org.json.JSONArray.<init>(JSONArray.java:237)
at org.json.JSONObject.wrap(JSONObject.java:2723)
at org.json.JSONObject.wrap(JSONObject.java:2699)
at org.json.JSONObject.populateMap(JSONObject.java:1763)
at org.json.JSONObject.populateMap(JSONObject.java:1729)
at org.json.JSONObject.<init>(JSONObject.java:383)
at org.json.JSONObject.wrap(JSONObject.java:2740)
at org.json.JSONObject.wrap(JSONObject.java:2695)
at org.json.JSONArray.addAll(JSONArray.java:1927)
at org.json.JSONArray.addAll(JSONArray.java:1900)
at org.json.JSONArray.<init>(JSONArray.java:237)
at org.json.JSONObject.wrap(JSONObject.java:2723)
at org.json.JSONObject.wrap(JSONObject.java:2699)
at org.json.JSONObject.populateMap(JSONObject.java:1763)
at org.json.JSONObject.populateMap(JSONObject.java:1729)
at org.json.JSONObject.<init>(JSONObject.java:383)
at org.json.JSONObject.wrap(JSONObject.java:2740)
at org.json.JSONObject.wrap(JSONObject.java:2695)
at org.json.JSONArray.addAll(JSONArray.java:1927)
at org.json.JSONArray.addAll(JSONArray.java:1900)
at org.json.JSONArray.<init>(JSONArray.java:237)
at org.json.JSONObject.wrap(JSONObject.java:2723)
at org.json.JSONObject.wrap(JSONObject.java:2699)
at org.json.JSONObject.populateMap(JSONObject.java:1763)
at org.json.JSONObject.populateMap(JSONObject.java:1729)
at org.json.JSONObject.<init>(JSONObject.java:383)
at org.json.JSONObject.wrap(JSONObject.java:2740)
at org.json.JSONObject.wrap(JSONObject.java:2695)
at org.json.JSONArray.addAll(JSONArray.java:1927)
at org.json.JSONArray.addAll(JSONArray.java:1900)
at org.json.JSONArray.<init>(JSONArray.java:237)
at org.json.JSONObject.wrap(JSONObject.java:2723)
at org.json.JSONObject.wrap(JSONObject.java:2699)
at org.json.JSONObject.populateMap(JSONObject.java:1763)
at org.json.JSONObject.populateMap(JSONObject.java:1729)
at org.json.JSONObject.<init>(JSONObject.java:383)
at org.json.JSONObject.wrap(JSONObject.java:2740)
at org.json.JSONObject.wrap(JSONObject.java:2695)
at org.json.JSONArray.addAll(JSONArray.java:1927)
at org.json.JSONArray.addAll(JSONArray.java:1900)
at org.json.JSONArray.<init>(JSONArray.java:237)
at org.json.JSONObject.wrap(JSONObject.java:2723)
at org.json.JSONObject.wrap(JSONObject.java:2699)
at org.json.JSONObject.populateMap(JSONObject.java:1763)
at org.json.JSONObject.populateMap(JSONObject.java:1729)
at org.json.JSONObject.<init>(JSONObject.java:383)
at org.json.JSONObject.wrap(JSONObject.java:2740)
at org.json.JSONObject.wrap(JSONObject.java:2695)
at org.json.JSONArray.addAll(JSONArray.java:1927)
at org.json.JSONArray.addAll(JSONArray.java:1900)
at org.json.JSONArray.<init>(JSONArray.java:237)
at org.json.JSONObject.wrap(JSONObject.java:2723)
at org.json.JSONObject.wrap(JSONObject.java:2699)
at org.json.JSONObject.populateMap(JSONObject.java:1763)
at org.json.JSONObject.populateMap(JSONObject.java:1729)
at org.json.JSONObject.<init>(JSONObject.java:383)
at org.json.JSONObject.wrap(JSONObject.java:2740)
at org.json.JSONObject.wrap(JSONObject.java:2695)
at org.json.JSONArray.addAll(JSONArray.java:1927)
at org.json.JSONArray.addAll(JSONArray.java:1900)
at org.json.JSONArray.<init>(JSONArray.java:237)
at org.json.JSONObject.wrap(JSONObject.java:2723)
at org.json.JSONObject.wrap(JSONObject.java:2699)
at org.json.JSONObject.populateMap(JSONObject.java:1763)
at org.json.JSONObject.populateMap(JSONObject.java:1729)
at org.json.JSONObject.<init>(JSONObject.java:383)
at org.json.JSONObject.wrap(JSONObject.java:2740)
at org.json.JSONObject.wrap(JSONObject.java:2695)
at org.json.JSONArray.addAll(JSONArray.java:1927)
at org.json.JSONArray.addAll(JSONArray.java:1900)
at org.json.JSONArray.<init>(JSONArray.java:237)
at org.json.JSONObject.wrap(JSONObject.java:2723)
at org.json.JSONObject.wrap(JSONObject.java:2699)
at org.json.JSONObject.populateMap(JSONObject.java:1763)
at org.json.JSONObject.populateMap(JSONObject.java:1729)
at org.json.JSONObject.<init>(JSONObject.java:383)
at org.json.JSONObject.wrap(JSONObject.java:2740)
at org.json.JSONObject.wrap(JSONObject.java:2695)
at org.json.JSONArray.addAll(JSONArray.java:1927)
at org.json.JSONArray.addAll(JSONArray.java:1900)
at org.json.JSONArray.<init>(JSONArray.java:237)
at org.json.JSONObject.wrap(JSONObject.java:2723)
at org.json.JSONObject.wrap(JSONObject.java:2699)
at org.json.JSONObject.populateMap(JSONObject.java:1763)
at org.json.JSONObject.populateMap(JSONObject.java:1729)
at org.json.JSONObject.<init>(JSONObject.java:383)
at org.json.JSONObject.wrap(JSONObject.java:2740)
at org.json.JSONObject.wrap(JSONObject.java:2695)
at org.json.JSONArray.addAll(JSONArray.java:1927)
at org.json.JSONArray.addAll(JSONArray.java:1900)
at org.json.JSONArray.<init>(JSONArray.java:237)
at org.json.JSONObject.wrap(JSONObject.java:2723)
at org.json.JSONObject.wrap(JSONObject.java:2699)
at org.json.JSONObject.populateMap(JSONObject.java:1763)
at org.json.JSONObject.populateMap(JSONObject.java:1729)
at org.json.JSONObject.<init>(JSONObject.java:383)
at org.json.JSONObject.wrap(JSONObject.java:2740)
at org.json.JSONObject.wrap(JSONObject.java:2695)
at org.json.JSONArray.addAll(JSONArray.java:1927)
at org.json.JSONArray.addAll(JSONArray.java:1900)
at org.json.JSONArray.<init>(JSONArray.java:237)
at org.json.JSONObject.wrap(JSONObject.java:2723)
at org.json.JSONObject.wrap(JSONObject.java:2699)
at org.json.JSONObject.populateMap(JSONObject.java:1763)
at org.json.JSONObject.populateMap(JSONObject.java:1729)
at org.json.JSONObject.<init>(JSONObject.java:383)
at org.json.JSONObject.wrap(JSONObject.java:2740)
at org.json.JSONObject.wrap(JSONObject.java:2695)
at org.json.JSONArray.addAll(JSONArray.java:1927)
at org.json.JSONArray.addAll(JSONArray.java:1900)
at org.json.JSONArray.<init>(JSONArray.java:237)
at org.json.JSONObject.wrap(JSONObject.java:2723)
at org.json.JSONObject.wrap(JSONObject.java:2699)
at org.json.JSONObject.populateMap(JSONObject.java:1763)
at org.json.JSONObject.populateMap(JSONObject.java:1729)
at org.json.JSONObject.<init>(JSONObject.java:383)
at org.json.JSONObject.wrap(JSONObject.java:2740)
at org.json.JSONObject.wrap(JSONObject.java:2695)
at org.json.JSONArray.addAll(JSONArray.java:1927)
at org.json.JSONArray.addAll(JSONArray.java:1900)
at org.json.JSONArray.<init>(JSONArray.java:237)
at org.json.JSONObject.wrap(JSONObject.java:2723)
at org.json.JSONObject.wrap(JSONObject.java:2699)
at org.json.JSONObject.populateMap(JSONObject.java:1763)
at org.json.JSONObject.populateMap(JSONObject.java:1729)
at org.json.JSONObject.<init>(JSONObject.java:383)
at org.json.JSONObject.wrap(JSONObject.java:2740)
at org.json.JSONObject.wrap(JSONObject.java:2695)
at org.json.JSONArray.addAll(JSONArray.java:1927)
at org.json.JSONArray.addAll(JSONArray.java:1900)
at org.json.JSONArray.<init>(JSONArray.java:237)
at org.json.JSONObject.wrap(JSONObject.java:2723)
at org.json.JSONObject.wrap(JSONObject.java:2699)
at org.json.JSONObject.populateMap(JSONObject.java:1763)
at org.json.JSONObject.populateMap(JSONObject.java:1729)
at org.json.JSONObject.<init>(JSONObject.java:383)
at org.json.JSONObject.wrap(JSONObject.java:2740)
at org.json.JSONObject.wrap(JSONObject.java:2695)
at org.json.JSONArray.addAll(JSONArray.java:1927)
at org.json.JSONArray.addAll(JSONArray.java:1900)
at org.json.JSONArray.<init>(JSONArray.java:237)
at org.json.JSONObject.wrap(JSONObject.java:2723)
at org.json.JSONObject.wrap(JSONObject.java:2699)
at org.json.JSONObject.populateMap(JSONObject.java:1763)
at org.json.JSONObject.populateMap(JSONObject.java:1729)
at org.json.JSONObject.<init>(JSONObject.java:383)
at org.json.JSONObject.wrap(JSONObject.java:2740)
at org.json.JSONObject.wrap(JSONObject.java:2695)
at org.json.JSONArray.addAll(JSONArray.java:1927)
at org.json.JSONArray.addAll(JSONArray.java:1900)
at org.json.JSONArray.<init>(JSONArray.java:237)
at org.json.JSONObject.wrap(JSONObject.java:2723)
at org.json.JSONObject.wrap(JSONObject.java:2699)
at org.json.JSONObject.populateMap(JSONObject.java:1763)
at org.json.JSONObject.populateMap(JSONObject.java:1729)
at org.json.JSONObject.<init>(JSONObject.java:383)
at org.json.JSONObject.wrap(JSONObject.java:2740)
at org.json.JSONObject.wrap(JSONObject.java:2695)
at org.json.JSONArray.addAll(JSONArray.java:1927)
at org.json.JSONArray.addAll(JSONArray.java:1900)
at org.json.JSONArray.<init>(JSONArray.java:237)
at org.json.JSONObject.wrap(JSONObject.java:2723)
at org.json.JSONObject.wrap(JSONObject.java:2699)
at org.json.JSONObject.populateMap(JSONObject.java:1763)
at org.json.JSONObject.populateMap(JSONObject.java:1729)
at org.json.JSONObject.<init>(JSONObject.java:383)
at org.json.JSONObject.wrap(JSONObject.java:2740)
at org.json.JSONObject.wrap(JSONObject.java:2695)
at org.json.JSONArray.addAll(JSONArray.java:1927)
at org.json.JSONArray.addAll(JSONArray.java:1900)
at org.json.JSONArray.<init>(JSONArray.java:237)
at org.json.JSONObject.wrap(JSONObject.java:2723)
at org.json.JSONObject.wrap(JSONObject.java:2699)
at org.json.JSONObject.populateMap(JSONObject.java:1763)
at org.json.JSONObject.populateMap(JSONObject.java:1729)
at org.json.JSONObject.<init>(JSONObject.java:383)
at org.json.JSONObject.wrap(JSONObject.java:2740)
at org.json.JSONObject.wrap(JSONObject.java:2695)
at org.json.JSONArray.addAll(JSONArray.java:1927)
at org.json.JSONArray.addAll(JSONArray.java:1900)
at org.json.JSONArray.<init>(JSONArray.java:237)
at org.json.JSONObject.wrap(JSONObject.java:2723)
at org.json.JSONObject.wrap(JSONObject.java:2699)
at org.json.JSONObject.populateMap(JSONObject.java:1763)
at org.json.JSONObject.populateMap(JSONObject.java:1729)
at org.json.JSONObject.<init>(JSONObject.java:383)
at org.json.JSONObject.wrap(JSONObject.java:2740)
at org.json.JSONObject.wrap(JSONObject.java:2695)
at org.json.JSONArray.addAll(JSONArray.java:1927)
at org.json.JSONArray.addAll(JSONArray.java:1900)
at org.json.JSONArray.<init>(JSONArray.java:237)
at org.json.JSONObject.wrap(JSONObject.java:2723)
at org.json.JSONObject.wrap(JSONObject.java:2699)
at org.json.JSONObject.populateMap(JSONObject.java:1763)
at org.json.JSONObject.populateMap(JSONObject.java:1729)
at org.json.JSONObject.<init>(JSONObject.java:383)
at org.json.JSONObject.wrap(JSONObject.java:2740)
at org.json.JSONObject.wrap(JSONObject.java:2695)
at org.json.JSONArray.addAll(JSONArray.java:1927)
at org.json.JSONArray.addAll(JSONArray.java:1900)
at org.json.JSONArray.<init>(JSONArray.java:237)
at org.json.JSONObject.wrap(JSONObject.java:2723)
at org.json.JSONObject.wrap(JSONObject.java:2699)
at org.json.JSONObject.populateMap(JSONObject.java:1763)
at org.json.JSONObject.populateMap(JSONObject.java:1729)
at org.json.JSONObject.<init>(JSONObject.java:383)
at org.json.JSONObject.wrap(JSONObject.java:2740)
at org.json.JSONObject.wrap(JSONObject.java:2695)
at org.json.JSONArray.addAll(JSONArray.java:1927)
at org.json.JSONArray.addAll(JSONArray.java:1900)
at org.json.JSONArray.<init>(JSONArray.java:237)
at org.json.JSONObject.wrap(JSONObject.java:2723)
at org.json.JSONObject.wrap(JSONObject.java:2699)
at org.json.JSONObject.populateMap(JSONObject.java:1763)
at org.json.JSONObject.populateMap(JSONObject.java:1729)
at org.json.JSONObject.<init>(JSONObject.java:383)
at org.json.JSONObject.wrap(JSONObject.java:2740)
at org.json.JSONObject.wrap(JSONObject.java:2695)
at org.json.JSONArray.addAll(JSONArray.java:1927)
at org.json.JSONArray.addAll(JSONArray.java:1900)
at org.json.JSONArray.<init>(JSONArray.java:237)
at org.json.JSONObject.wrap(JSONObject.java:2723)
at org.json.JSONObject.wrap(JSONObject.java:2699)
at org.json.JSONObject.populateMap(JSONObject.java:1763)
at org.json.JSONObject.populateMap(JSONObject.java:1729)
at org.json.JSONObject.<init>(JSONObject.java:383)
at org.json.JSONObject.wrap(JSONObject.java:2740)
at org.json.JSONObject.wrap(JSONObject.java:2695)
at org.json.JSONArray.addAll(JSONArray.java:1927)
at org.json.JSONArray.addAll(JSONArray.java:1900)
at org.json.JSONArray.<init>(JSONArray.java:237)
at org.json.JSONObject.wrap(JSONObject.java:2723)
at org.json.JSONObject.wrap(JSONObject.java:2699)
at org.json.JSONObject.populateMap(JSONObject.java:1763)
at org.json.JSONObject.populateMap(JSONObject.java:1729)
at org.json.JSONObject.<init>(JSONObject.java:383)
at org.json.JSONObject.wrap(JSONObject.java:2740)
at org.json.JSONObject.wrap(JSONObject.java:2695)
at org.json.JSONArray.addAll(JSONArray.java:1927)
at org.json.JSONArray.addAll(JSONArray.java:1900)
at org.json.JSONArray.<init>(JSONArray.java:237)
at org.json.JSONObject.wrap(JSONObject.java:2723)
at org.json.JSONObject.wrap(JSONObject.java:2699)
at org.json.JSONObject.populateMap(JSONObject.java:1763)
at org.json.JSONObject.populateMap(JSONObject.java:1729)
at org.json.JSONObject.<init>(JSONObject.java:383)
at org.json.JSONObject.wrap(JSONObject.java:2740)
at org.json.JSONObject.wrap(JSONObject.java:2695)
at org.json.JSONArray.addAll(JSONArray.java:1927)
at org.json.JSONArray.addAll(JSONArray.java:1900)
at org.json.JSONArray.<init>(JSONArray.java:237)
at org.json.JSONObject.wrap(JSONObject.java:2723)
at org.json.JSONObject.wrap(JSONObject.java:2699)
at org.json.JSONObject.populateMap(JSONObject.java:1763)
at org.json.JSONObject.populateMap(JSONObject.java:1729)
at org.json.JSONObject.<init>(JSONObject.java:383)
at org.json.JSONObject.wrap(JSONObject.java:2740)
at org.json.JSONObject.wrap(JSONObject.java:2695)
at org.json.JSONArray.addAll(JSONArray.java:1927)
at org.json.JSONArray.addAll(JSONArray.java:1900)
at org.json.JSONArray.<init>(JSONArray.java:237)
at org.json.JSONObject.wrap(JSONObject.java:2723)
at org.json.JSONObject.wrap(JSONObject.java:2699)
at org.json.JSONObject.populateMap(JSONObject.java:1763)
at org.json.JSONObject.populateMap(JSONObject.java:1729)
at org.json.JSONObject.<init>(JSONObject.java:383)
at org.json.JSONObject.wrap(JSONObject.java:2740)
at org.json.JSONObject.wrap(JSONObject.java:2695)
at org.json.JSONArray.addAll(JSONArray.java:1927)
at org.json.JSONArray.addAll(JSONArray.java:1900)
at org.json.JSONArray.<init>(JSONArray.java:237)
at org.json.JSONObject.wrap(JSONObject.java:2723)
at org.json.JSONObject.wrap(JSONObject.java:2699)
at org.json.JSONObject.populateMap(JSONObject.java:1763)
at org.json.JSONObject.populateMap(JSONObject.java:1729)
at org.json.JSONObject.<init>(JSONObject.java:383)
at org.json.JSONObject.wrap(JSONObject.java:2740)
at org.json.JSONObject.wrap(JSONObject.java:2695)
at org.json.JSONArray.addAll(JSONArray.java:1927)
at org.json.JSONArray.addAll(JSONArray.java:1900)
at org.json.JSONArray.<init>(JSONArray.java:237)
at org.json.JSONObject.wrap(JSONObject.java:2723)
at org.json.JSONObject.wrap(JSONObject.java:2699)
at org.json.JSONObject.populateMap(JSONObject.java:1763)
at org.json.JSONObject.populateMap(JSONObject.java:1729)
at org.json.JSONObject.<init>(JSONObject.java:383)
at org.json.JSONObject.wrap(JSONObject.java:2740)
at org.json.JSONObject.wrap(JSONObject.java:2695)
at org.json.JSONArray.addAll(JSONArray.java:1927)
at org.json.JSONArray.addAll(JSONArray.java:1900)
at org.json.JSONArray.<init>(JSONArray.java:237)
at org.json.JSONObject.wrap(JSONObject.java:2723)
at org.json.JSONObject.wrap(JSONObject.java:2699)
at org.json.JSONObject.populateMap(JSONObject.java:1763)
at org.json.JSONObject.populateMap(JSONObject.java:1729)
at org.json.JSONObject.<init>(JSONObject.java:383)
at org.json.JSONObject.wrap(JSONObject.java:2740)
at org.json.JSONObject.wrap(JSONObject.java:2695)
at org.json.JSONArray.addAll(JSONArray.java:1927)
at org.json.JSONArray.addAll(JSONArray.java:1900)
at org.json.JSONArray.<init>(JSONArray.java:237)
at org.json.JSONObject.wrap(JSONObject.java:2723)
at org.json.JSONObject.wrap(JSONObject.java:2699)
at org.json.JSONObject.populateMap(JSONObject.java:1763)
at org.json.JSONObject.populateMap(JSONObject.java:1729)
at org.json.JSONObject.<init>(JSONObject.java:383)
at org.json.JSONObject.wrap(JSONObject.java:2740)
at org.json.JSONObject.wrap(JSONObject.java:2695)
at org.json.JSONArray.addAll(JSONArray.java:1927)
at org.json.JSONArray.addAll(JSONArray.java:1900)
at org.json.JSONArray.<init>(JSONArray.java:237)
at org.json.JSONObject.wrap(JSONObject.java:2723)
at org.json.JSONObject.wrap(JSONObject.java:2699)
at org.json.JSONObject.populateMap(JSONObject.java:1763)
at org.json.JSONObject.populateMap(JSONObject.java:1729)
at org.json.JSONObject.<init>(JSONObject.java:383)
at org.json.JSONObject.wrap(JSONObject.java:2740)
at org.json.JSONObject.wrap(JSONObject.java:2695)
at org.json.JSONArray.addAll(JSONArray.java:1927)
at org.json.JSONArray.addAll(JSONArray.java:1900)
at org.json.JSONArray.<init>(JSONArray.java:237)
at org.json.JSONObject.wrap(JSONObject.java:2723)
at org.json.JSONObject.wrap(JSONObject.java:2699)
at org.json.JSONObject.populateMap(JSONObject.java:1763)
at org.json.JSONObject.populateMap(JSONObject.java:1729)
at org.json.JSONObject.<init>(JSONObject.java:383)
at org.json.JSONObject.wrap(JSONObject.java:2740)
at org.json.JSONObject.wrap(JSONObject.java:2695)
at org.json.JSONArray.addAll(JSONArray.java:1927)
at org.json.JSONArray.addAll(JSONArray.java:1900)
at org.json.JSONArray.<init>(JSONArray.java:237)
at org.json.JSONObject.wrap(JSONObject.java:2723)
at org.json.JSONObject.wrap(JSONObject.java:2699)
at org.json.JSONObject.populateMap(JSONObject.java:1763)
at org.json.JSONObject.populateMap(JSONObject.java:1729)
at org.json.JSONObject.<init>(JSONObject.java:383)
at org.json.JSONObject.wrap(JSONObject.java:2740)
at org.json.JSONObject.wrap(JSONObject.java:2695)
at org.json.JSONArray.addAll(JSONArray.java:1927)
at org.json.JSONArray.addAll(JSONArray.java:1900)
at org.json.JSONArray.<init>(JSONArray.java:237)
at org.json.JSONObject.wrap(JSONObject.java:2723)
at org.json.JSONObject.wrap(JSONObject.java:2699)
at org.json.JSONObject.populateMap(JSONObject.java:1763)
at org.json.JSONObject.populateMap(JSONObject.java:1729)
at org.json.JSONObject.<init>(JSONObject.java:383)
at org.json.JSONObject.wrap(JSONObject.java:2740)
at org.json.JSONObject.wrap(JSONObject.java:2695)
at org.json.JSONArray.addAll(JSONArray.java:1927)
at org.json.JSONArray.addAll(JSONArray.java:1900)
at org.json.JSONArray.<init>(JSONArray.java:237)
at org.json.JSONObject.wrap(JSONObject.java:2723)
at org.json.JSONObject.wrap(JSONObject.java:2699)
at org.json.JSONObject.populateMap(JSONObject.java:1763)
at org.json.JSONObject.populateMap(JSONObject.java:1729)
at org.json.JSONObject.<init>(JSONObject.java:383)
at org.json.JSONObject.wrap(JSONObject.java:2740)
at org.json.JSONObject.wrap(JSONObject.java:2695)
at org.json.JSONArray.addAll(JSONArray.java:1927)
at org.json.JSONArray.addAll(JSONArray.java:1900)
at org.json.JSONArray.<init>(JSONArray.java:237)
at org.json.JSONObject.wrap(JSONObject.java:2723)
at org.json.JSONObject.wrap(JSONObject.java:2699)
at org.json.JSONObject.populateMap(JSONObject.java:1763)
at org.json.JSONObject.populateMap(JSONObject.java:1729)
at org.json.JSONObject.<init>(JSONObject.java:383)
at org.json.JSONObject.wrap(JSONObject.java:2740)
at org.json.JSONObject.wrap(JSONObject.java:2695)
at org.json.JSONArray.addAll(JSONArray.java:1927)
at org.json.JSONArray.addAll(JSONArray.java:1900)
at org.json.JSONArray.<init>(JSONArray.java:237)
at org.json.JSONObject.wrap(JSONObject.java:2723)
at org.json.JSONObject.wrap(JSONObject.java:2699)
at org.json.JSONObject.populateMap(JSONObject.java:1763)
at org.json.JSONObject.populateMap(JSONObject.java:1729)
at org.json.JSONObject.<init>(JSONObject.java:383)
at org.json.JSONObject.wrap(JSONObject.java:2740)
at org.json.JSONObject.wrap(JSONObject.java:2695)
at org.json.JSONArray.addAll(JSONArray.java:1927)
at org.json.JSONArray.addAll(JSONArray.java:1900)
at org.json.JSONArray.<init>(JSONArray.java:237)
at org.json.JSONObject.wrap(JSONObject.java:2723)
at org.json.JSONObject.wrap(JSONObject.java:2699)
at org.json.JSONObject.populateMap(JSONObject.java:1763)
at org.json.JSONObject.populateMap(JSONObject.java:1729)
at org.json.JSONObject.<init>(JSONObject.java:383)
at org.json.JSONObject.wrap(JSONObject.java:2740)
at org.json.JSONObject.wrap(JSONObject.java:2695)
at org.json.JSONArray.addAll(JSONArray.java:1927)
at org.json.JSONArray.addAll(JSONArray.java:1900)
at org.json.JSONArray.<init>(JSONArray.java:237)
at org.json.JSONObject.wrap(JSONObject.java:2723)
at org.json.JSONObject.wrap(JSONObject.java:2699)
at org.json.JSONObject.populateMap(JSONObject.java:1763)
at org.json.JSONObject.populateMap(JSONObject.java:1729)
at org.json.JSONObject.<init>(JSONObject.java:383)
at org.json.JSONObject.wrap(JSONObject.java:2740)
at org.json.JSONObject.wrap(JSONObject.java:2695)
at org.json.JSONArray.addAll(JSONArray.java:1927)
at org.json.JSONArray.addAll(JSONArray.java:1900)
at org.json.JSONArray.<init>(JSONArray.java:237)
at org.json.JSONObject.wrap(JSONObject.java:2723)
at org.json.JSONObject.wrap(JSONObject.java:2699)
at org.json.JSONObject.populateMap(JSONObject.java:1763)
at org.json.JSONObject.populateMap(JSONObject.java:1729)
at org.json.JSONObject.<init>(JSONObject.java:383)
at org.json.JSONObject.wrap(JSONObject.java:2740)
at org.json.JSONObject.wrap(JSONObject.java:2695)
at org.json.JSONArray.addAll(JSONArray.java:1927)
at org.json.JSONArray.addAll(JSONArray.java:1900)
at org.json.JSONArray.<init>(JSONArray.java:237)
at org.json.JSONObject.wrap(JSONObject.java:2723)
at org.json.JSONObject.wrap(JSONObject.java:2699)
at org.json.JSONObject.populateMap(JSONObject.java:1763)
at org.json.JSONObject.populateMap(JSONObject.java:1729)
at org.json.JSONObject.<init>(JSONObject.java:383)
at org.json.JSONObject.wrap(JSONObject.java:2740)
at org.json.JSONObject.wrap(JSONObject.java:2695)
at org.json.JSONArray.addAll(JSONArray.java:1927)
at org.json.JSONArray.addAll(JSONArray.java:1900)
at org.json.JSONArray.<init>(JSONArray.java:237)
at org.json.JSONObject.wrap(JSONObject.java:2723)
at org.json.JSONObject.wrap(JSONObject.java:2699)
at org.json.JSONObject.populateMap(JSONObject.java:1763)
at org.json.JSONObject.populateMap(JSONObject.java:1729)
at org.json.JSONObject.<init>(JSONObject.java:383)
at org.json.JSONObject.wrap(JSONObject.java:2740)
at org.json.JSONObject.wrap(JSONObject.java:2695)
at org.json.JSONArray.addAll(JSONArray.java:1927)
at org.json.JSONArray.addAll(JSONArray.java:1900)
at org.json.JSONArray.<init>(JSONArray.java:237)
at org.json.JSONObject.wrap(JSONObject.java:2723)
at org.json.JSONObject.wrap(JSONObject.java:2699)
at org.json.JSONObject.populateMap(JSONObject.java:1763)
at org.json.JSONObject.populateMap(JSONObject.java:1729)
at org.json.JSONObject.<init>(JSONObject.java:383)
at org.json.JSONObject.wrap(JSONObject.java:2740)
at org.json.JSONObject.wrap(JSONObject.java:2695)
at org.json.JSONArray.addAll(JSONArray.java:1927)
at org.json.JSONArray.addAll(JSONArray.java:1900)
at org.json.JSONArray.<init>(JSONArray.java:237)
at org.json.JSONObject.wrap(JSONObject.java:2723)
at org.json.JSONObject.wrap(JSONObject.java:2699)
at org.json.JSONObject.populateMap(JSONObject.java:1763)
at org.json.JSONObject.populateMap(JSONObject.java:1729)
at org.json.JSONObject.<init>(JSONObject.java:383)
at org.json.JSONObject.wrap(JSONObject.java:2740)
at org.json.JSONObject.wrap(JSONObject.java:2695)
at org.json.JSONArray.addAll(JSONArray.java:1927)
at org.json.JSONArray.addAll(JSONArray.java:1900)
at org.json.JSONArray.<init>(JSONArray.java:237)
at org.json.JSONObject.wrap(JSONObject.java:2723)
at org.json.JSONObject.wrap(JSONObject.java:2699)
at org.json.JSONObject.populateMap(JSONObject.java:1763)
at org.json.JSONObject.populateMap(JSONObject.java:1729)
at org.json.JSONObject.<init>(JSONObject.java:383)
at org.json.JSONObject.wrap(JSONObject.java:2740)
at org.json.JSONObject.wrap(JSONObject.java:2695)
at org.json.JSONArray.addAll(JSONArray.java:1927)
at org.json.JSONArray.addAll(JSONArray.java:1900)
at org.json.JSONArray.<init>(JSONArray.java:237)
at org.json.JSONObject.wrap(JSONObject.java:2723)
at org.json.JSONObject.wrap(JSONObject.java:2699)
at org.json.JSONObject.populateMap(JSONObject.java:1763)
at org.json.JSONObject.populateMap(JSONObject.java:1729)
at org.json.JSONObject.<init>(JSONObject.java:383)
at org.json.JSONObject.wrap(JSONObject.java:2740)
at org.json.JSONObject.wrap(JSONObject.java:2695)
at org.json.JSONArray.addAll(JSONArray.java:1927)
at org.json.JSONArray.addAll(JSONArray.java:1900)
at org.json.JSONArray.<init>(JSONArray.java:237)
at org.json.JSONObject.wrap(JSONObject.java:2723)
at org.json.JSONObject.wrap(JSONObject.java:2699)
at org.json.JSONObject.populateMap(JSONObject.java:1763)
at org.json.JSONObject.populateMap(JSONObject.java:1729)
at org.json.JSONObject.<init>(JSONObject.java:383)
at org.json.JSONObject.wrap(JSONObject.java:2740)
at org.json.JSONObject.wrap(JSONObject.java:2695)
at org.json.JSONArray.addAll(JSONArray.java:1927)
at org.json.JSONArray.addAll(JSONArray.java:1900)
at org.json.JSONArray.<init>(JSONArray.java:237)
at org.json.JSONObject.wrap(JSONObject.java:2723)
at org.json.JSONObject.wrap(JSONObject.java:2699)
at org.json.JSONObject.populateMap(JSONObject.java:1763)
at org.json.JSONObject.populateMap(JSONObject.java:1729)
at org.json.JSONObject.<init>(JSONObject.java:383)
at org.json.JSONObject.wrap(JSONObject.java:2740)
at org.json.JSONObject.wrap(JSONObject.java:2695)
at org.json.JSONArray.addAll(JSONArray.java:1927)
at org.json.JSONArray.addAll(JSONArray.java:1900)
at org.json.JSONArray.<init>(JSONArray.java:237)
at org.json.JSONObject.wrap(JSONObject.java:2723)
at org.json.JSONObject.wrap(JSONObject.java:2699)
at org.json.JSONObject.populateMap(JSONObject.java:1763)
at org.json.JSONObject.populateMap(JSONObject.java:1729)
at org.json.JSONObject.<init>(JSONObject.java:383)
at org.json.JSONObject.wrap(JSONObject.java:2740)
at org.json.JSONObject.wrap(JSONObject.java:2695)
at org.json.JSONArray.addAll(JSONArray.java:1927)
at org.json.JSONArray.addAll(JSONArray.java:1900)
at org.json.JSONArray.<init>(JSONArray.java:237)
at org.json.JSONObject.wrap(JSONObject.java:2723)
at org.json.JSONObject.wrap(JSONObject.java:2699)
at org.json.JSONObject.populateMap(JSONObject.java:1763)
at org.json.JSONObject.populateMap(JSONObject.java:1729)
at org.json.JSONObject.<init>(JSONObject.java:383)
at org.json.JSONObject.wrap(JSONObject.java:2740)
at org.json.JSONObject.wrap(JSONObject.java:2695)
at org.json.JSONArray.addAll(JSONArray.java:1927)
at org.json.JSONArray.addAll(JSONArray.java:1900)
at org.json.JSONArray.<init>(JSONArray.java:237)
at org.json.JSONObject.wrap(JSONObject.java:2723)
at org.json.JSONObject.wrap(JSONObject.java:2699)
at org.json.JSONObject.populateMap(JSONObject.java:1763)
at org.json.JSONObject.populateMap(JSONObject.java:1729)
at org.json.JSONObject.<init>(JSONObject.java:383)
at org.json.JSONObject.wrap(JSONObject.java:2740)
at org.json.JSONObject.wrap(JSONObject.java:2695)
at org.json.JSONArray.addAll(JSONArray.java:1927)
at org.json.JSONArray.addAll(JSONArray.java:1900)
at org.json.JSONArray.<init>(JSONArray.java:237)
at org.json.JSONObject.wrap(JSONObject.java:2723)
at org.json.JSONObject.wrap(JSONObject.java:2699)
at org.json.JSONObject.populateMap(JSONObject.java:1763)
at org.json.JSONObject.populateMap(JSONObject.java:1729)
at org.json.JSONObject.<init>(JSONObject.java:383)
at org.json.JSONObject.wrap(JSONObject.java:2740)
at org.json.JSONObject.wrap(JSONObject.java:2695)
at org.json.JSONArray.addAll(JSONArray.java:1927)
at org.json.JSONArray.addAll(JSONArray.java:1900)
at org.json.JSONArray.<init>(JSONArray.java:237)
at org.json.JSONObject.wrap(JSONObject.java:2723)
at org.json.JSONObject.wrap(JSONObject.java:2699)
at org.json.JSONObject.populateMap(JSONObject.java:1763)
at org.json.JSONObject.populateMap(JSONObject.java:1729)
at org.json.JSONObject.<init>(JSONObject.java:383)
at org.json.JSONObject.wrap(JSONObject.java:2740)
at org.json.JSONObject.wrap(JSONObject.java:2695)
at org.json.JSONArray.addAll(JSONArray.java:1927)
at org.json.JSONArray.addAll(JSONArray.java:1900)
at org.json.JSONArray.<init>(JSONArray.java:237)
at org.json.JSONObject.wrap(JSONObject.java:2723)
at org.json.JSONObject.wrap(JSONObject.java:2699)
at org.json.JSONObject.populateMap(JSONObject.java:1763)
at org.json.JSONObject.populateMap(JSONObject.java:1729)
at org.json.JSONObject.<init>(JSONObject.java:383)
at org.json.JSONObject.wrap(JSONObject.java:2740)
at org.json.JSONObject.wrap(JSONObject.java:2695)
at org.json.JSONArray.addAll(JSONArray.java:1927)
at org.json.JSONArray.addAll(JSONArray.java:1900)
at org.json.JSONArray.<init>(JSONArray.java:237)
at org.json.JSONObject.wrap(JSONObject.java:2723)
at org.json.JSONObject.wrap(JSONObject.java:2699)
at org.json.JSONObject.populateMap(JSONObject.java:1763)
at org.json.JSONObject.populateMap(JSONObject.java:1729)
]]>
    </error>
  </testcase> <!-- postAPI -->
</testsuite> <!-- projectPojoClass.TC01_PostDeseralisation -->
